<?xml version="1.0" encoding="UTF-8"?>
<!-- Generated by org.testng.reporters.JUnitReportReporter -->
<testsuite skipped="0" hostname="IMCBCP42-MSL2" name="SeleniumSessions.HeadlessBrowser" tests="1" failures="0" timestamp="5 Nov 2020 09:14:34 GMT" time="24.977" errors="0">
  <testcase name="hedaless" time="24.977" classname="SeleniumSessions.HeadlessBrowser"/>
</testsuite> <!-- SeleniumSessions.HeadlessBrowser -->
